Compiling the C compiler identification source file "CMakeCCompilerId.c" failed.
Compiler: C:/Users/error414/Documents/STM32-tools/gcc-arm-none-eabi-10-2020-q4-major/bin/arm-none-eabi-gcc.exe 
Build flags: -ggdb;-fomit-frame-pointer;-falign-functions=16;-ffunction-sections;-fdata-sections;-fno-common;-flto;-mcpu=cortex-m4;-mthumb
Id flags:  

The output was:
1
c:/users/error414/documents/stm32-tools/gcc-arm-none-eabi-10-2020-q4-major/bin/../lib/gcc/arm-none-eabi/10.2.1/../../../../arm-none-eabi/bin/ld.exe: c:/users/error414/documents/stm32-tools/gcc-arm-none-eabi-10-2020-q4-major/bin/../lib/gcc/arm-none-eabi/10.2.1/../../../../arm-none-eabi/lib/thumb/v7e-m/nofp\libg.a(lib_a-exit.o): in function `exit':
exit.c:(.text.exit+0x16): undefined reference to `_exit'
collect2.exe: error: ld returned 1 exit status


The C compiler identification could not be found in "C:/Users/error414/Documents/STM32/meteo-F4/src/cmake-build-debug/CMakeFiles/3.19.2/CompilerIdC/CMakeCCompilerId.o"

Compiling the C compiler identification source file "CMakeCCompilerId.c" failed.
Compiler: C:/Users/error414/Documents/STM32-tools/gcc-arm-none-eabi-10-2020-q4-major/bin/arm-none-eabi-gcc.exe 
Build flags: -ggdb;-fomit-frame-pointer;-falign-functions=16;-ffunction-sections;-fdata-sections;-fno-common;-flto;-mcpu=cortex-m4;-mthumb
Id flags: -Aa 

The output was:
1
<command-line>: error: missing '(' after predicate


Compiling the C compiler identification source file "CMakeCCompilerId.c" failed.
Compiler: C:/Users/error414/Documents/STM32-tools/gcc-arm-none-eabi-10-2020-q4-major/bin/arm-none-eabi-gcc.exe 
Build flags: -ggdb;-fomit-frame-pointer;-falign-functions=16;-ffunction-sections;-fdata-sections;-fno-common;-flto;-mcpu=cortex-m4;-mthumb
Id flags: -D__CLASSIC_C__ 

The output was:
1
c:/users/error414/documents/stm32-tools/gcc-arm-none-eabi-10-2020-q4-major/bin/../lib/gcc/arm-none-eabi/10.2.1/../../../../arm-none-eabi/bin/ld.exe: c:/users/error414/documents/stm32-tools/gcc-arm-none-eabi-10-2020-q4-major/bin/../lib/gcc/arm-none-eabi/10.2.1/../../../../arm-none-eabi/lib/thumb/v7e-m/nofp\libg.a(lib_a-exit.o): in function `exit':
exit.c:(.text.exit+0x16): undefined reference to `_exit'
collect2.exe: error: ld returned 1 exit status


Compiling the C compiler identification source file "CMakeCCompilerId.c" failed.
Compiler: C:/Users/error414/Documents/STM32-tools/gcc-arm-none-eabi-10-2020-q4-major/bin/arm-none-eabi-gcc.exe 
Build flags: -ggdb;-fomit-frame-pointer;-falign-functions=16;-ffunction-sections;-fdata-sections;-fno-common;-flto;-mcpu=cortex-m4;-mthumb
Id flags: --target=arm-arm-none-eabi;-mcpu=cortex-m3 

The output was:
1
arm-none-eabi-gcc.exe: error: unrecognized command-line option '--target=arm-arm-none-eabi'


Compiling the C compiler identification source file "CMakeCCompilerId.c" failed.
Compiler: C:/Users/error414/Documents/STM32-tools/gcc-arm-none-eabi-10-2020-q4-major/bin/arm-none-eabi-gcc.exe 
Build flags: 
Id flags:  

The output was:
1
c:/users/error414/documents/stm32-tools/gcc-arm-none-eabi-10-2020-q4-major/bin/../lib/gcc/arm-none-eabi/10.2.1/../../../../arm-none-eabi/bin/ld.exe: c:/users/error414/documents/stm32-tools/gcc-arm-none-eabi-10-2020-q4-major/bin/../lib/gcc/arm-none-eabi/10.2.1/../../../../arm-none-eabi/lib\libc.a(lib_a-exit.o): in function `exit':
exit.c:(.text.exit+0x2c): undefined reference to `_exit'
collect2.exe: error: ld returned 1 exit status


